<?xml version="1.0" encoding="UTF-8"?>
<!-- Generated by org.testng.reporters.JUnitXMLReporter -->
<testsuite ignored="0" hostname="DESKTOP-4L4F65Q" failures="0" tests="4" name="Default test" time="35.541" errors="0" timestamp="2024-12-04T22:54:44 IST">
  <testcase classname="testcases.Tc_01_Login" name="login" time="6.176"/>
  <testcase classname="testcases.Tc_01_Login" name="login" time="8.683"/>
  <testcase classname="testcases.Tc_01_Login" name="login" time="9.908"/>
  <testcase classname="testcases.Tc_01_Login" name="login" time="9.487"/>
</testsuite> <!-- Default test -->
