<?xml version="1.0" encoding="UTF-8"?>
<!-- Generated by org.testng.reporters.JUnitXMLReporter -->
<testsuite ignored="0" hostname="Veramasa-Ganesh" failures="0" tests="4" name="Default test" time="24.986" errors="0" timestamp="2025-01-28T14:51:51 IST">
  <testcase classname="testcases.Tc_01_Login" name="login" time="6.307"/>
  <testcase classname="testcases.Tc_01_Login" name="login" time="5.483"/>
  <testcase classname="testcases.Tc_01_Login" name="login" time="5.78"/>
  <testcase classname="testcases.Tc_01_Login" name="login" time="5.61"/>
</testsuite> <!-- Default test -->
