<?xml version="1.0" encoding="UTF-8"?>
<testng-results ignored="0" total="4" passed="4" failed="0" skipped="0">
  <reporter-output>
  </reporter-output>
  <suite started-at="2024-12-04T22:54:08 IST" name="Default suite" finished-at="2024-12-04T22:54:44 IST" duration-ms="35541">
    <groups>
    </groups>
    <test started-at="2024-12-04T22:54:08 IST" name="Default test" finished-at="2024-12-04T22:54:44 IST" duration-ms="35541">
      <class name="testcases.Tc_01_Login">
        <test-method signature="login(java.lang.String,java.lang.String)[pri:1, instance:testcases.Tc_01_Login@18d87d80]" started-at="2024-12-04T22:54:10 IST" name="login" data-provider="loginData" finished-at="2024-12-04T22:54:16 IST" duration-ms="6176" status="PASS">
          <params>
            <param index="0">
              <value>
                <![CDATA[3333333333]]>
              </value>
            </param>
            <param index="1">
              <value>
                <![CDATA[Test@123]]>
              </value>
            </param>
          </params>
          <reporter-output>
          </reporter-output>
        </test-method> <!-- login -->
        <test-method signature="login(java.lang.String,java.lang.String)[pri:1, instance:testcases.Tc_01_Login@18d87d80]" started-at="2024-12-04T22:54:16 IST" name="login" data-provider="loginData" finished-at="2024-12-04T22:54:25 IST" duration-ms="8683" status="PASS">
          <params>
            <param index="0">
              <value>
                <![CDATA[1213121212]]>
              </value>
            </param>
            <param index="1">
              <value>
                <![CDATA[31321321]]>
              </value>
            </param>
          </params>
          <reporter-output>
          </reporter-output>
        </test-method> <!-- login -->
        <test-method signature="login(java.lang.String,java.lang.String)[pri:1, instance:testcases.Tc_01_Login@18d87d80]" started-at="2024-12-04T22:54:25 IST" name="login" data-provider="loginData" finished-at="2024-12-04T22:54:35 IST" duration-ms="9908" status="PASS">
          <params>
            <param index="0">
              <value>
                <![CDATA[]]>
              </value>
            </param>
            <param index="1">
              <value>
                <![CDATA[]]>
              </value>
            </param>
          </params>
          <reporter-output>
          </reporter-output>
        </test-method> <!-- login -->
        <test-method signature="login(java.lang.String,java.lang.String)[pri:1, instance:testcases.Tc_01_Login@18d87d80]" started-at="2024-12-04T22:54:35 IST" name="login" data-provider="loginData" finished-at="2024-12-04T22:54:44 IST" duration-ms="9487" status="PASS">
          <params>
            <param index="0">
              <value>
                <![CDATA[]]>
              </value>
            </param>
            <param index="1">
              <value>
                <![CDATA[]]>
              </value>
            </param>
          </params>
          <reporter-output>
          </reporter-output>
        </test-method> <!-- login -->
      </class> <!-- testcases.Tc_01_Login -->
    </test> <!-- Default test -->
  </suite> <!-- Default suite -->
</testng-results>
