<?xml version="1.0" encoding="UTF-8"?>
<testng-results ignored="0" total="4" passed="4" failed="0" skipped="0">
  <reporter-output>
  </reporter-output>
  <suite started-at="2025-01-28T14:51:26 IST" name="Default suite" finished-at="2025-01-28T14:51:51 IST" duration-ms="24986">
    <groups>
    </groups>
    <test started-at="2025-01-28T14:51:26 IST" name="Default test" finished-at="2025-01-28T14:51:51 IST" duration-ms="24986">
      <class name="testcases.Tc_01_Login">
        <test-method signature="login(java.lang.String,java.lang.String)[pri:1, instance:testcases.Tc_01_Login@3cd3e762]" started-at="2025-01-28T14:51:28 IST" name="login" data-provider="loginData" finished-at="2025-01-28T14:51:34 IST" duration-ms="6307" status="PASS">
          <params>
            <param index="0">
              <value>
                <![CDATA[3333333333]]>
              </value>
            </param>
            <param index="1">
              <value>
                <![CDATA[Test@123]]>
              </value>
            </param>
          </params>
          <reporter-output>
          </reporter-output>
        </test-method> <!-- login -->
        <test-method signature="login(java.lang.String,java.lang.String)[pri:1, instance:testcases.Tc_01_Login@3cd3e762]" started-at="2025-01-28T14:51:34 IST" name="login" data-provider="loginData" finished-at="2025-01-28T14:51:40 IST" duration-ms="5483" status="PASS">
          <params>
            <param index="0">
              <value>
                <![CDATA[1213121212]]>
              </value>
            </param>
            <param index="1">
              <value>
                <![CDATA[31321321]]>
              </value>
            </param>
          </params>
          <reporter-output>
          </reporter-output>
        </test-method> <!-- login -->
        <test-method signature="login(java.lang.String,java.lang.String)[pri:1, instance:testcases.Tc_01_Login@3cd3e762]" started-at="2025-01-28T14:51:40 IST" name="login" data-provider="loginData" finished-at="2025-01-28T14:51:45 IST" duration-ms="5780" status="PASS">
          <params>
            <param index="0">
              <value>
                <![CDATA[]]>
              </value>
            </param>
            <param index="1">
              <value>
                <![CDATA[]]>
              </value>
            </param>
          </params>
          <reporter-output>
          </reporter-output>
        </test-method> <!-- login -->
        <test-method signature="login(java.lang.String,java.lang.String)[pri:1, instance:testcases.Tc_01_Login@3cd3e762]" started-at="2025-01-28T14:51:45 IST" name="login" data-provider="loginData" finished-at="2025-01-28T14:51:51 IST" duration-ms="5610" status="PASS">
          <params>
            <param index="0">
              <value>
                <![CDATA[]]>
              </value>
            </param>
            <param index="1">
              <value>
                <![CDATA[]]>
              </value>
            </param>
          </params>
          <reporter-output>
          </reporter-output>
        </test-method> <!-- login -->
      </class> <!-- testcases.Tc_01_Login -->
    </test> <!-- Default test -->
  </suite> <!-- Default suite -->
</testng-results>
