<?xml version="1.0" encoding="UTF-8"?>
<!-- Generated by org.testng.reporters.JUnitXMLReporter -->
<testsuite ignored="0" hostname="DESKTOP-4L4F65Q" failures="0" tests="4" name="MyLpgBook login" time="38.358" errors="0" timestamp="2024-12-05T22:02:09 IST">
  <testcase classname="testcases.Tc_01_Login" name="login" time="9.075"/>
  <testcase classname="testcases.Tc_01_Login" name="login" time="7.51"/>
  <testcase classname="testcases.Tc_01_Login" name="login" time="12.525"/>
  <testcase classname="testcases.Tc_01_Login" name="login" time="7.884"/>
</testsuite> <!-- MyLpgBook login -->
